mode: set
github.com/julie-padilla/go-testing/clase2T/internal/products/mock_store.go:12.58,14.24 1 0
github.com/julie-padilla/go-testing/clase2T/internal/products/mock_store.go:18.2,20.12 3 0
github.com/julie-padilla/go-testing/clase2T/internal/products/mock_store.go:14.24,16.3 1 0
github.com/julie-padilla/go-testing/clase2T/internal/products/repository.go:44.47,48.2 1 1
github.com/julie-padilla/go-testing/clase2T/internal/products/repository.go:51.62,53.16 2 1
github.com/julie-padilla/go-testing/clase2T/internal/products/repository.go:56.2,56.22 1 1
github.com/julie-padilla/go-testing/clase2T/internal/products/repository.go:53.16,55.3 1 0
github.com/julie-padilla/go-testing/clase2T/internal/products/repository.go:59.44,62.16 3 0
github.com/julie-padilla/go-testing/clase2T/internal/products/repository.go:65.2,65.18 1 0
github.com/julie-padilla/go-testing/clase2T/internal/products/repository.go:69.2,69.32 1 0
github.com/julie-padilla/go-testing/clase2T/internal/products/repository.go:62.16,64.3 1 0
github.com/julie-padilla/go-testing/clase2T/internal/products/repository.go:65.18,67.3 1 0
github.com/julie-padilla/go-testing/clase2T/internal/products/repository.go:72.158,76.16 3 0
github.com/julie-padilla/go-testing/clase2T/internal/products/repository.go:80.2,83.39 3 0
github.com/julie-padilla/go-testing/clase2T/internal/products/repository.go:87.2,87.15 1 0
github.com/julie-padilla/go-testing/clase2T/internal/products/repository.go:76.16,78.3 1 0
github.com/julie-padilla/go-testing/clase2T/internal/products/repository.go:83.39,85.3 1 0
github.com/julie-padilla/go-testing/clase2T/internal/products/repository.go:92.158,97.16 3 0
github.com/julie-padilla/go-testing/clase2T/internal/products/repository.go:101.2,103.20 3 0
github.com/julie-padilla/go-testing/clase2T/internal/products/repository.go:110.2,110.14 1 0
github.com/julie-padilla/go-testing/clase2T/internal/products/repository.go:114.2,114.39 1 0
github.com/julie-padilla/go-testing/clase2T/internal/products/repository.go:118.2,118.15 1 0
github.com/julie-padilla/go-testing/clase2T/internal/products/repository.go:97.16,99.3 1 0
github.com/julie-padilla/go-testing/clase2T/internal/products/repository.go:103.20,104.21 1 0
github.com/julie-padilla/go-testing/clase2T/internal/products/repository.go:104.21,108.4 3 0
github.com/julie-padilla/go-testing/clase2T/internal/products/repository.go:110.14,112.3 1 0
github.com/julie-padilla/go-testing/clase2T/internal/products/repository.go:114.39,116.3 1 0
github.com/julie-padilla/go-testing/clase2T/internal/products/repository.go:121.43,125.16 3 0
github.com/julie-padilla/go-testing/clase2T/internal/products/repository.go:129.2,131.20 3 0
github.com/julie-padilla/go-testing/clase2T/internal/products/repository.go:138.2,138.14 1 0
github.com/julie-padilla/go-testing/clase2T/internal/products/repository.go:143.2,145.39 2 0
github.com/julie-padilla/go-testing/clase2T/internal/products/repository.go:149.2,149.12 1 0
github.com/julie-padilla/go-testing/clase2T/internal/products/repository.go:125.16,127.3 1 0
github.com/julie-padilla/go-testing/clase2T/internal/products/repository.go:131.20,132.21 1 0
github.com/julie-padilla/go-testing/clase2T/internal/products/repository.go:132.21,135.4 2 0
github.com/julie-padilla/go-testing/clase2T/internal/products/repository.go:138.14,141.3 2 0
github.com/julie-padilla/go-testing/clase2T/internal/products/repository.go:145.39,147.3 1 0
github.com/julie-padilla/go-testing/clase2T/internal/products/repository.go:152.91,157.16 3 0
github.com/julie-padilla/go-testing/clase2T/internal/products/repository.go:161.2,163.20 3 0
github.com/julie-padilla/go-testing/clase2T/internal/products/repository.go:171.2,171.14 1 0
github.com/julie-padilla/go-testing/clase2T/internal/products/repository.go:175.2,175.39 1 0
github.com/julie-padilla/go-testing/clase2T/internal/products/repository.go:179.2,179.15 1 0
github.com/julie-padilla/go-testing/clase2T/internal/products/repository.go:157.16,159.3 1 0
github.com/julie-padilla/go-testing/clase2T/internal/products/repository.go:163.20,164.21 1 0
github.com/julie-padilla/go-testing/clase2T/internal/products/repository.go:164.21,169.4 4 0
github.com/julie-padilla/go-testing/clase2T/internal/products/repository.go:171.14,173.3 1 0
github.com/julie-padilla/go-testing/clase2T/internal/products/repository.go:175.39,177.3 1 0
github.com/julie-padilla/go-testing/clase2T/internal/products/service.go:22.39,26.2 1 0
github.com/julie-padilla/go-testing/clase2T/internal/products/service.go:29.47,31.16 2 0
github.com/julie-padilla/go-testing/clase2T/internal/products/service.go:35.2,35.16 1 0
github.com/julie-padilla/go-testing/clase2T/internal/products/service.go:31.16,33.3 1 0
github.com/julie-padilla/go-testing/clase2T/internal/products/service.go:38.147,40.16 2 0
github.com/julie-padilla/go-testing/clase2T/internal/products/service.go:44.2,47.16 3 0
github.com/julie-padilla/go-testing/clase2T/internal/products/service.go:51.2,51.21 1 0
github.com/julie-padilla/go-testing/clase2T/internal/products/service.go:40.16,42.3 1 0
github.com/julie-padilla/go-testing/clase2T/internal/products/service.go:47.16,49.3 1 0
github.com/julie-padilla/go-testing/clase2T/internal/products/service.go:56.155,58.2 1 0
github.com/julie-padilla/go-testing/clase2T/internal/products/service.go:60.40,62.2 1 0
github.com/julie-padilla/go-testing/clase2T/internal/products/service.go:64.88,67.3 1 0
